{"contracts/InvoiceNFT.sol":{"l":{"73":58,"74":58,"75":58,"103":52,"104":51,"105":50,"106":49,"107":48,"112":47,"113":47,"115":47,"116":47,"118":47,"132":47,"133":47,"135":47,"137":47,"146":27,"147":27,"149":26,"151":26,"161":28,"163":28,"164":28,"166":28,"168":28,"178":3,"180":3,"181":3,"187":2,"189":2,"198":25,"199":25,"208":1,"215":27,"216":26,"217":26,"227":1,"234":2,"241":1,"252":1,"256":110,"260":2,"264":1},"path":"/home/mir4na/ameame/hackathon/lisk-builders/smart-contract/contracts/InvoiceNFT.sol","s":{"1":58,"2":58,"3":58,"4":52,"5":51,"6":50,"7":49,"8":48,"9":47,"10":47,"11":47,"12":47,"13":47,"14":47,"15":27,"16":27,"17":26,"18":28,"19":28,"20":28,"21":28,"22":3,"23":3,"24":3,"25":2,"26":2,"27":25,"28":25,"29":1,"30":27,"31":1,"32":26,"33":26,"34":1,"35":2,"36":1,"37":1,"38":110,"39":2,"40":1},"b":{"1":[53,1],"2":[52,1],"3":[51,1],"4":[50,1],"5":[49,1],"6":[48,1],"7":[47,1],"8":[27,1],"9":[27,0],"10":[27,0],"11":[26,1],"12":[28,0],"13":[28,0],"14":[28,0],"15":[28,0],"16":[3,0],"17":[3,0],"18":[2,1],"19":[1,1],"20":[25,0],"21":[1,26],"22":[2,1],"23":[1,1]},"f":{"1":58,"2":52,"3":27,"4":28,"5":3,"6":25,"7":1,"8":27,"9":1,"10":2,"11":1,"12":1,"13":110,"14":2,"15":1},"fnMap":{"1":{"name":"constructor","line":72,"loc":{"start":{"line":72,"column":4},"end":{"line":76,"column":4}}},"2":{"name":"mintInvoice","line":102,"loc":{"start":{"line":91,"column":4},"end":{"line":138,"column":4}}},"3":{"name":"verifyShipment","line":145,"loc":{"start":{"line":143,"column":4},"end":{"line":152,"column":4}}},"4":{"name":"updateStatus","line":160,"loc":{"start":{"line":157,"column":4},"end":{"line":169,"column":4}}},"5":{"name":"burnInvoice","line":177,"loc":{"start":{"line":174,"column":4},"end":{"line":190,"column":4}}},"6":{"name":"getInvoice","line":195,"loc":{"start":{"line":195,"column":4},"end":{"line":200,"column":4}}},"7":{"name":"getExporterInvoices","line":205,"loc":{"start":{"line":205,"column":4},"end":{"line":209,"column":4}}},"8":{"name":"isFundable","line":214,"loc":{"start":{"line":214,"column":4},"end":{"line":219,"column":4}}},"9":{"name":"getTokenIdByInvoiceNumber","line":224,"loc":{"start":{"line":224,"column":4},"end":{"line":228,"column":4}}},"10":{"name":"totalMinted","line":233,"loc":{"start":{"line":233,"column":4},"end":{"line":235,"column":4}}},"11":{"name":"tokenURI","line":238,"loc":{"start":{"line":238,"column":4},"end":{"line":242,"column":4}}},"12":{"name":"supportsInterface","line":244,"loc":{"start":{"line":244,"column":4},"end":{"line":253,"column":4}}},"13":{"name":"_exists","line":255,"loc":{"start":{"line":255,"column":4},"end":{"line":257,"column":4}}},"14":{"name":"pause","line":259,"loc":{"start":{"line":259,"column":4},"end":{"line":261,"column":4}}},"15":{"name":"unpause","line":263,"loc":{"start":{"line":263,"column":4},"end":{"line":265,"column":4}}}},"statementMap":{"1":{"start":{"line":73,"column":8},"end":{"line":73,"column":49}},"2":{"start":{"line":74,"column":8},"end":{"line":74,"column":42}},"3":{"start":{"line":75,"column":8},"end":{"line":75,"column":42}},"4":{"start":{"line":103,"column":8},"end":{"line":103,"column":74}},"5":{"start":{"line":104,"column":8},"end":{"line":104,"column":53}},"6":{"start":{"line":105,"column":8},"end":{"line":105,"column":71}},"7":{"start":{"line":106,"column":8},"end":{"line":106,"column":72}},"8":{"start":{"line":107,"column":8},"end":{"line":107,"column":3580}},"9":{"start":{"line":113,"column":8},"end":{"line":113,"column":41}},"10":{"start":{"line":115,"column":8},"end":{"line":115,"column":29}},"11":{"start":{"line":116,"column":8},"end":{"line":116,"column":33}},"12":{"start":{"line":133,"column":8},"end":{"line":133,"column":41}},"13":{"start":{"line":135,"column":8},"end":{"line":135,"column":71}},"14":{"start":{"line":137,"column":8},"end":{"line":137,"column":22}},"15":{"start":{"line":146,"column":8},"end":{"line":146,"column":56}},"16":{"start":{"line":147,"column":8},"end":{"line":147,"column":71}},"17":{"start":{"line":151,"column":8},"end":{"line":151,"column":50}},"18":{"start":{"line":161,"column":8},"end":{"line":161,"column":56}},"19":{"start":{"line":163,"column":8},"end":{"line":163,"column":58}},"20":{"start":{"line":164,"column":8},"end":{"line":164,"column":58}},"21":{"start":{"line":168,"column":8},"end":{"line":168,"column":64}},"22":{"start":{"line":178,"column":8},"end":{"line":178,"column":56}},"23":{"start":{"line":180,"column":8},"end":{"line":180,"column":51}},"24":{"start":{"line":181,"column":8},"end":{"line":181,"column":5735}},"25":{"start":{"line":187,"column":8},"end":{"line":187,"column":21}},"26":{"start":{"line":189,"column":8},"end":{"line":189,"column":43}},"27":{"start":{"line":198,"column":8},"end":{"line":198,"column":56}},"28":{"start":{"line":199,"column":8},"end":{"line":199,"column":32}},"29":{"start":{"line":208,"column":8},"end":{"line":208,"column":41}},"30":{"start":{"line":215,"column":8},"end":{"line":215,"column":43}},"31":{"start":{"line":215,"column":31},"end":{"line":215,"column":43}},"32":{"start":{"line":216,"column":8},"end":{"line":216,"column":50}},"33":{"start":{"line":217,"column":8},"end":{"line":217,"column":6763}},"34":{"start":{"line":227,"column":8},"end":{"line":227,"column":52}},"35":{"start":{"line":234,"column":8},"end":{"line":234,"column":30}},"36":{"start":{"line":241,"column":8},"end":{"line":241,"column":38}},"37":{"start":{"line":252,"column":8},"end":{"line":252,"column":51}},"38":{"start":{"line":256,"column":8},"end":{"line":256,"column":46}},"39":{"start":{"line":260,"column":8},"end":{"line":260,"column":15}},"40":{"start":{"line":264,"column":8},"end":{"line":264,"column":17}}},"branchMap":{"1":{"line":102,"type":"if","locations":[{"start":{"line":102,"column":15},"end":{"line":102,"column":15}},{"start":{"line":102,"column":15},"end":{"line":102,"column":15}}]},"2":{"line":102,"type":"if","locations":[{"start":{"line":102,"column":37},"end":{"line":102,"column":37}},{"start":{"line":102,"column":37},"end":{"line":102,"column":37}}]},"3":{"line":103,"type":"if","locations":[{"start":{"line":103,"column":8},"end":{"line":103,"column":8}},{"start":{"line":103,"column":8},"end":{"line":103,"column":8}}]},"4":{"line":104,"type":"if","locations":[{"start":{"line":104,"column":8},"end":{"line":104,"column":8}},{"start":{"line":104,"column":8},"end":{"line":104,"column":8}}]},"5":{"line":105,"type":"if","locations":[{"start":{"line":105,"column":8},"end":{"line":105,"column":8}},{"start":{"line":105,"column":8},"end":{"line":105,"column":8}}]},"6":{"line":106,"type":"if","locations":[{"start":{"line":106,"column":8},"end":{"line":106,"column":8}},{"start":{"line":106,"column":8},"end":{"line":106,"column":8}}]},"7":{"line":107,"type":"if","locations":[{"start":{"line":107,"column":8},"end":{"line":107,"column":8}},{"start":{"line":107,"column":8},"end":{"line":107,"column":8}}]},"8":{"line":145,"type":"if","locations":[{"start":{"line":145,"column":15},"end":{"line":145,"column":15}},{"start":{"line":145,"column":15},"end":{"line":145,"column":15}}]},"9":{"line":145,"type":"if","locations":[{"start":{"line":145,"column":37},"end":{"line":145,"column":37}},{"start":{"line":145,"column":37},"end":{"line":145,"column":37}}]},"10":{"line":146,"type":"if","locations":[{"start":{"line":146,"column":8},"end":{"line":146,"column":8}},{"start":{"line":146,"column":8},"end":{"line":146,"column":8}}]},"11":{"line":147,"type":"if","locations":[{"start":{"line":147,"column":8},"end":{"line":147,"column":8}},{"start":{"line":147,"column":8},"end":{"line":147,"column":8}}]},"12":{"line":160,"type":"if","locations":[{"start":{"line":160,"column":15},"end":{"line":160,"column":15}},{"start":{"line":160,"column":15},"end":{"line":160,"column":15}}]},"13":{"line":160,"type":"if","locations":[{"start":{"line":160,"column":37},"end":{"line":160,"column":37}},{"start":{"line":160,"column":37},"end":{"line":160,"column":37}}]},"14":{"line":161,"type":"if","locations":[{"start":{"line":161,"column":8},"end":{"line":161,"column":8}},{"start":{"line":161,"column":8},"end":{"line":161,"column":8}}]},"15":{"line":164,"type":"if","locations":[{"start":{"line":164,"column":8},"end":{"line":164,"column":8}},{"start":{"line":164,"column":8},"end":{"line":164,"column":8}}]},"16":{"line":177,"type":"if","locations":[{"start":{"line":177,"column":15},"end":{"line":177,"column":15}},{"start":{"line":177,"column":15},"end":{"line":177,"column":15}}]},"17":{"line":178,"type":"if","locations":[{"start":{"line":178,"column":8},"end":{"line":178,"column":8}},{"start":{"line":178,"column":8},"end":{"line":178,"column":8}}]},"18":{"line":181,"type":"if","locations":[{"start":{"line":181,"column":8},"end":{"line":181,"column":8}},{"start":{"line":181,"column":8},"end":{"line":181,"column":8}}]},"19":{"line":182,"type":"cond-expr","locations":[{"start":{"line":182,"column":12},"end":{"line":182,"column":49}},{"start":{"line":183,"column":16},"end":{"line":183,"column":56}}]},"20":{"line":198,"type":"if","locations":[{"start":{"line":198,"column":8},"end":{"line":198,"column":8}},{"start":{"line":198,"column":8},"end":{"line":198,"column":8}}]},"21":{"line":215,"type":"if","locations":[{"start":{"line":215,"column":8},"end":{"line":215,"column":8}},{"start":{"line":215,"column":8},"end":{"line":215,"column":8}}]},"22":{"line":259,"type":"if","locations":[{"start":{"line":259,"column":30},"end":{"line":259,"column":30}},{"start":{"line":259,"column":30},"end":{"line":259,"column":30}}]},"23":{"line":263,"type":"if","locations":[{"start":{"line":263,"column":32},"end":{"line":263,"column":32}},{"start":{"line":263,"column":32},"end":{"line":263,"column":32}}]}}},"contracts/InvoicePool.sol":{"l":{"81":31,"82":31,"83":31,"85":31,"86":31,"93":24,"94":22,"96":22,"98":22,"114":22,"116":22,"123":24,"124":24,"125":23,"126":22,"128":21,"129":21,"132":20,"133":20,"134":20,"137":20,"140":20,"149":20,"150":20,"151":20,"153":20,"156":20,"157":11,"158":11,"159":11,"167":7,"168":7,"170":6,"171":6,"174":6,"176":6,"183":3,"184":3,"187":2,"188":2,"191":2,"192":2,"196":2,"199":2,"200":2,"201":4,"202":4,"203":4,"205":4,"206":4,"207":4,"209":4,"212":2,"213":2,"216":2,"218":2,"219":2,"226":0,"227":0,"228":0,"230":0,"233":0,"235":0,"242":6,"249":1,"256":1,"263":2,"264":2,"265":1,"272":2,"273":1,"280":2,"281":1,"288":2,"292":1,"299":1},"path":"/home/mir4na/ameame/hackathon/lisk-builders/smart-contract/contracts/InvoicePool.sol","s":{"1":31,"2":31,"3":24,"4":22,"5":22,"6":22,"7":22,"8":24,"9":24,"10":23,"11":22,"12":21,"13":21,"14":20,"15":20,"16":20,"17":20,"18":20,"19":20,"20":20,"21":20,"22":11,"23":7,"24":7,"25":6,"26":6,"27":3,"28":3,"29":2,"30":2,"31":2,"32":2,"33":2,"34":2,"35":2,"36":4,"37":4,"38":4,"39":4,"40":4,"41":2,"42":2,"43":2,"44":0,"45":0,"46":0,"47":0,"48":0,"49":6,"50":1,"51":1,"52":2,"53":2,"54":1,"55":1,"56":2,"57":2,"58":2,"59":1,"60":1},"b":{"1":[24,1],"2":[24,0],"3":[22,2],"4":[22,0],"5":[25,0],"6":[24,1],"7":[23,1],"8":[22,1],"9":[21,1],"10":[20,1],"11":[0,20],"12":[11,9],"13":[7,1],"14":[7,0],"15":[6,1],"16":[3,1],"17":[3,0],"18":[2,1],"19":[2,0],"20":[0,0],"21":[0,0],"22":[0,0],"23":[1,1],"24":[2,1],"25":[1,1],"26":[2,0],"27":[1,1],"28":[2,1],"29":[1,1],"30":[1,0]},"f":{"1":31,"2":24,"3":24,"4":7,"5":3,"6":0,"7":6,"8":1,"9":1,"10":2,"11":2,"12":2,"13":2,"14":1,"15":1},"fnMap":{"1":{"name":"constructor","line":80,"loc":{"start":{"line":80,"column":4},"end":{"line":87,"column":4}}},"2":{"name":"createPool","line":92,"loc":{"start":{"line":92,"column":4},"end":{"line":117,"column":4}}},"3":{"name":"invest","line":122,"loc":{"start":{"line":122,"column":4},"end":{"line":161,"column":4}}},"4":{"name":"disburse","line":166,"loc":{"start":{"line":166,"column":4},"end":{"line":177,"column":4}}},"5":{"name":"processRepayment","line":182,"loc":{"start":{"line":182,"column":4},"end":{"line":220,"column":4}}},"6":{"name":"markDefaulted","line":225,"loc":{"start":{"line":225,"column":4},"end":{"line":236,"column":4}}},"7":{"name":"getPool","line":241,"loc":{"start":{"line":241,"column":4},"end":{"line":243,"column":4}}},"8":{"name":"getPoolInvestments","line":248,"loc":{"start":{"line":248,"column":4},"end":{"line":250,"column":4}}},"9":{"name":"getInvestorPools","line":255,"loc":{"start":{"line":255,"column":4},"end":{"line":257,"column":4}}},"10":{"name":"getRemainingCapacity","line":262,"loc":{"start":{"line":262,"column":4},"end":{"line":266,"column":4}}},"11":{"name":"setPlatformFee","line":271,"loc":{"start":{"line":271,"column":4},"end":{"line":274,"column":4}}},"12":{"name":"setPlatformWallet","line":279,"loc":{"start":{"line":279,"column":4},"end":{"line":282,"column":4}}},"13":{"name":"pause","line":287,"loc":{"start":{"line":287,"column":4},"end":{"line":289,"column":4}}},"14":{"name":"unpause","line":291,"loc":{"start":{"line":291,"column":4},"end":{"line":293,"column":4}}},"15":{"name":"emergencyWithdraw","line":298,"loc":{"start":{"line":298,"column":4},"end":{"line":300,"column":4}}}},"statementMap":{"1":{"start":{"line":85,"column":8},"end":{"line":85,"column":49}},"2":{"start":{"line":86,"column":8},"end":{"line":86,"column":44}},"3":{"start":{"line":93,"column":8},"end":{"line":93,"column":70}},"4":{"start":{"line":94,"column":8},"end":{"line":94,"column":71}},"5":{"start":{"line":96,"column":8},"end":{"line":96,"column":74}},"6":{"start":{"line":114,"column":8},"end":{"line":114,"column":72}},"7":{"start":{"line":116,"column":8},"end":{"line":116,"column":78}},"8":{"start":{"line":123,"column":8},"end":{"line":123,"column":42}},"9":{"start":{"line":124,"column":8},"end":{"line":124,"column":60}},"10":{"start":{"line":125,"column":8},"end":{"line":125,"column":63}},"11":{"start":{"line":126,"column":8},"end":{"line":126,"column":53}},"12":{"start":{"line":128,"column":8},"end":{"line":128,"column":65}},"13":{"start":{"line":129,"column":8},"end":{"line":129,"column":72}},"14":{"start":{"line":132,"column":8},"end":{"line":132,"column":74}},"15":{"start":{"line":133,"column":8},"end":{"line":133,"column":51}},"16":{"start":{"line":134,"column":8},"end":{"line":134,"column":103}},"17":{"start":{"line":137,"column":8},"end":{"line":137,"column":69}},"18":{"start":{"line":140,"column":8},"end":{"line":140,"column":4931}},"19":{"start":{"line":151,"column":8},"end":{"line":151,"column":46}},"20":{"start":{"line":153,"column":8},"end":{"line":153,"column":72}},"21":{"start":{"line":156,"column":8},"end":{"line":156,"column":5424}},"22":{"start":{"line":159,"column":12},"end":{"line":159,"column":75}},"23":{"start":{"line":167,"column":8},"end":{"line":167,"column":42}},"24":{"start":{"line":168,"column":8},"end":{"line":168,"column":67}},"25":{"start":{"line":174,"column":8},"end":{"line":174,"column":64}},"26":{"start":{"line":176,"column":8},"end":{"line":176,"column":70}},"27":{"start":{"line":183,"column":8},"end":{"line":183,"column":42}},"28":{"start":{"line":184,"column":8},"end":{"line":184,"column":73}},"29":{"start":{"line":187,"column":8},"end":{"line":187,"column":63}},"30":{"start":{"line":188,"column":8},"end":{"line":188,"column":58}},"31":{"start":{"line":191,"column":8},"end":{"line":191,"column":6675}},"32":{"start":{"line":192,"column":12},"end":{"line":192,"column":79}},"33":{"start":{"line":196,"column":8},"end":{"line":196,"column":82}},"34":{"start":{"line":199,"column":8},"end":{"line":199,"column":67}},"35":{"start":{"line":200,"column":8},"end":{"line":200,"column":7057}},"36":{"start":{"line":201,"column":12},"end":{"line":201,"column":51}},"37":{"start":{"line":202,"column":12},"end":{"line":202,"column":72}},"38":{"start":{"line":203,"column":12},"end":{"line":203,"column":70}},"39":{"start":{"line":206,"column":12},"end":{"line":206,"column":56}},"40":{"start":{"line":209,"column":12},"end":{"line":209,"column":60}},"41":{"start":{"line":216,"column":8},"end":{"line":216,"column":72}},"42":{"start":{"line":218,"column":8},"end":{"line":218,"column":47}},"43":{"start":{"line":219,"column":8},"end":{"line":219,"column":32}},"44":{"start":{"line":226,"column":8},"end":{"line":226,"column":42}},"45":{"start":{"line":227,"column":8},"end":{"line":227,"column":73}},"46":{"start":{"line":228,"column":8},"end":{"line":228,"column":83}},"47":{"start":{"line":233,"column":8},"end":{"line":233,"column":75}},"48":{"start":{"line":235,"column":8},"end":{"line":235,"column":35}},"49":{"start":{"line":242,"column":8},"end":{"line":242,"column":29}},"50":{"start":{"line":249,"column":8},"end":{"line":249,"column":39}},"51":{"start":{"line":256,"column":8},"end":{"line":256,"column":38}},"52":{"start":{"line":263,"column":8},"end":{"line":263,"column":41}},"53":{"start":{"line":264,"column":8},"end":{"line":264,"column":52}},"54":{"start":{"line":264,"column":44},"end":{"line":264,"column":52}},"55":{"start":{"line":265,"column":8},"end":{"line":265,"column":52}},"56":{"start":{"line":272,"column":8},"end":{"line":272,"column":49}},"57":{"start":{"line":280,"column":8},"end":{"line":280,"column":58}},"58":{"start":{"line":288,"column":8},"end":{"line":288,"column":15}},"59":{"start":{"line":292,"column":8},"end":{"line":292,"column":17}},"60":{"start":{"line":299,"column":8},"end":{"line":299,"column":53}}},"branchMap":{"1":{"line":92,"type":"if","locations":[{"start":{"line":92,"column":50},"end":{"line":92,"column":50}},{"start":{"line":92,"column":50},"end":{"line":92,"column":50}}]},"2":{"line":92,"type":"if","locations":[{"start":{"line":92,"column":74},"end":{"line":92,"column":74}},{"start":{"line":92,"column":74},"end":{"line":92,"column":74}}]},"3":{"line":93,"type":"if","locations":[{"start":{"line":93,"column":8},"end":{"line":93,"column":8}},{"start":{"line":93,"column":8},"end":{"line":93,"column":8}}]},"4":{"line":94,"type":"if","locations":[{"start":{"line":94,"column":8},"end":{"line":94,"column":8}},{"start":{"line":94,"column":8},"end":{"line":94,"column":8}}]},"5":{"line":122,"type":"if","locations":[{"start":{"line":122,"column":62},"end":{"line":122,"column":62}},{"start":{"line":122,"column":62},"end":{"line":122,"column":62}}]},"6":{"line":122,"type":"if","locations":[{"start":{"line":122,"column":75},"end":{"line":122,"column":75}},{"start":{"line":122,"column":75},"end":{"line":122,"column":75}}]},"7":{"line":124,"type":"if","locations":[{"start":{"line":124,"column":8},"end":{"line":124,"column":8}},{"start":{"line":124,"column":8},"end":{"line":124,"column":8}}]},"8":{"line":125,"type":"if","locations":[{"start":{"line":125,"column":8},"end":{"line":125,"column":8}},{"start":{"line":125,"column":8},"end":{"line":125,"column":8}}]},"9":{"line":126,"type":"if","locations":[{"start":{"line":126,"column":8},"end":{"line":126,"column":8}},{"start":{"line":126,"column":8},"end":{"line":126,"column":8}}]},"10":{"line":129,"type":"if","locations":[{"start":{"line":129,"column":8},"end":{"line":129,"column":8}},{"start":{"line":129,"column":8},"end":{"line":129,"column":8}}]},"11":{"line":133,"type":"if","locations":[{"start":{"line":133,"column":8},"end":{"line":133,"column":8}},{"start":{"line":133,"column":8},"end":{"line":133,"column":8}}]},"12":{"line":156,"type":"if","locations":[{"start":{"line":156,"column":8},"end":{"line":156,"column":8}},{"start":{"line":156,"column":8},"end":{"line":156,"column":8}}]},"13":{"line":166,"type":"if","locations":[{"start":{"line":166,"column":48},"end":{"line":166,"column":48}},{"start":{"line":166,"column":48},"end":{"line":166,"column":48}}]},"14":{"line":166,"type":"if","locations":[{"start":{"line":166,"column":72},"end":{"line":166,"column":72}},{"start":{"line":166,"column":72},"end":{"line":166,"column":72}}]},"15":{"line":168,"type":"if","locations":[{"start":{"line":168,"column":8},"end":{"line":168,"column":8}},{"start":{"line":168,"column":8},"end":{"line":168,"column":8}}]},"16":{"line":182,"type":"if","locations":[{"start":{"line":182,"column":72},"end":{"line":182,"column":72}},{"start":{"line":182,"column":72},"end":{"line":182,"column":72}}]},"17":{"line":182,"type":"if","locations":[{"start":{"line":182,"column":96},"end":{"line":182,"column":96}},{"start":{"line":182,"column":96},"end":{"line":182,"column":96}}]},"18":{"line":184,"type":"if","locations":[{"start":{"line":184,"column":8},"end":{"line":184,"column":8}},{"start":{"line":184,"column":8},"end":{"line":184,"column":8}}]},"19":{"line":191,"type":"if","locations":[{"start":{"line":191,"column":8},"end":{"line":191,"column":8}},{"start":{"line":191,"column":8},"end":{"line":191,"column":8}}]},"20":{"line":225,"type":"if","locations":[{"start":{"line":225,"column":53},"end":{"line":225,"column":53}},{"start":{"line":225,"column":53},"end":{"line":225,"column":53}}]},"21":{"line":227,"type":"if","locations":[{"start":{"line":227,"column":8},"end":{"line":227,"column":8}},{"start":{"line":227,"column":8},"end":{"line":227,"column":8}}]},"22":{"line":228,"type":"if","locations":[{"start":{"line":228,"column":8},"end":{"line":228,"column":8}},{"start":{"line":228,"column":8},"end":{"line":228,"column":8}}]},"23":{"line":264,"type":"if","locations":[{"start":{"line":264,"column":8},"end":{"line":264,"column":8}},{"start":{"line":264,"column":8},"end":{"line":264,"column":8}}]},"24":{"line":271,"type":"if","locations":[{"start":{"line":271,"column":56},"end":{"line":271,"column":56}},{"start":{"line":271,"column":56},"end":{"line":271,"column":56}}]},"25":{"line":272,"type":"if","locations":[{"start":{"line":272,"column":8},"end":{"line":272,"column":8}},{"start":{"line":272,"column":8},"end":{"line":272,"column":8}}]},"26":{"line":279,"type":"if","locations":[{"start":{"line":279,"column":59},"end":{"line":279,"column":59}},{"start":{"line":279,"column":59},"end":{"line":279,"column":59}}]},"27":{"line":280,"type":"if","locations":[{"start":{"line":280,"column":8},"end":{"line":280,"column":8}},{"start":{"line":280,"column":8},"end":{"line":280,"column":8}}]},"28":{"line":287,"type":"if","locations":[{"start":{"line":287,"column":30},"end":{"line":287,"column":30}},{"start":{"line":287,"column":30},"end":{"line":287,"column":30}}]},"29":{"line":291,"type":"if","locations":[{"start":{"line":291,"column":32},"end":{"line":291,"column":32}},{"start":{"line":291,"column":32},"end":{"line":291,"column":32}}]},"30":{"line":298,"type":"if","locations":[{"start":{"line":298,"column":71},"end":{"line":298,"column":71}},{"start":{"line":298,"column":71},"end":{"line":298,"column":71}}]}}},"contracts/MockUSDC.sol":{"l":{"16":42,"20":1,"27":67,"34":3,"35":2},"path":"/home/mir4na/ameame/hackathon/lisk-builders/smart-contract/contracts/MockUSDC.sol","s":{"1":42,"2":1,"3":67,"4":3,"5":2},"b":{"1":[67,1],"2":[2,1]},"f":{"1":42,"2":1,"3":67,"4":3},"fnMap":{"1":{"name":"constructor","line":14,"loc":{"start":{"line":14,"column":4},"end":{"line":17,"column":4}}},"2":{"name":"decimals","line":19,"loc":{"start":{"line":19,"column":4},"end":{"line":21,"column":4}}},"3":{"name":"mint","line":26,"loc":{"start":{"line":26,"column":4},"end":{"line":28,"column":4}}},"4":{"name":"faucet","line":33,"loc":{"start":{"line":33,"column":4},"end":{"line":36,"column":4}}}},"statementMap":{"1":{"start":{"line":16,"column":8},"end":{"line":16,"column":51}},"2":{"start":{"line":20,"column":8},"end":{"line":20,"column":24}},"3":{"start":{"line":27,"column":8},"end":{"line":27,"column":24}},"4":{"start":{"line":34,"column":8},"end":{"line":34,"column":79}},"5":{"start":{"line":35,"column":8},"end":{"line":35,"column":32}}},"branchMap":{"1":{"line":26,"type":"if","locations":[{"start":{"line":26,"column":55},"end":{"line":26,"column":55}},{"start":{"line":26,"column":55},"end":{"line":26,"column":55}}]},"2":{"line":34,"type":"if","locations":[{"start":{"line":34,"column":8},"end":{"line":34,"column":8}},{"start":{"line":34,"column":8},"end":{"line":34,"column":8}}]}}}}